#
# There is insufficient memory for the Java Runtime Environment to continue.
# Native memory allocation (malloc) failed to allocate 949056 bytes for Chunk::new
# Possible reasons:
#   The system is out of physical RAM or swap space
#   The process is running with CompressedOops enabled, and the Java Heap may be blocking the growth of the native heap
# Possible solutions:
#   Reduce memory load on the system
#   Increase physical memory or swap space
#   Check if swap backing store is full
#   Decrease Java heap size (-Xmx/-Xms)
#   Decrease number of Java threads
#   Decrease Java thread stack sizes (-Xss)
#   Set larger code cache with -XX:ReservedCodeCacheSize=
#   JVM is running with Zero Based Compressed Oops mode in which the Java heap is
#     placed in the first 32GB address space. The Java Heap base address is the
#     maximum limit for the native heap growth. Please use -XX:HeapBaseMinAddress
#     to set the Java Heap base and to place the Java Heap above 32GB virtual address.
# This output file may be truncated or incomplete.
#
#  Out of Memory Error (./src/hotspot/share/memory/arena.cpp:197), pid=24060, tid=26884
#
# JRE version: OpenJDK Runtime Environment Temurin-11.0.14.1+1 (11.0.14.1+1) (build 11.0.14.1+1)
# Java VM: OpenJDK 64-Bit Server VM Temurin-11.0.14.1+1 (11.0.14.1+1, mixed mode, tiered, compressed oops, g1 gc, windows-amd64)
# No core dump will be written. Minidumps are not enabled by default on client versions of Windows
#

---------------  S U M M A R Y ------------

Command Line: -Dfile.encoding=UTF-8 -Dcom.android.sdklib.toolsdir=E:\INSTALLED softwares\2022.3.16f1\Editor\Data\PlaybackEngines\AndroidPlayer\SDK\cmdline-tools\6.0\bin\\.. com.android.sdklib.tool.sdkmanager.SdkManagerCli --list

Host: 12th Gen Intel(R) Core(TM) i5-12500H, 16 cores, 15G,  Windows 11 , 64 bit Build 22621 (10.0.22621.3235)
Time: Wed Apr  3 12:13:33 2024 India Standard Time elapsed time: 1.690865 seconds (0d 0h 0m 1s)

---------------  T H R E A D  ---------------

Current thread (0x000002696e836000):  JavaThread "C2 CompilerThread0" daemon [_thread_in_native, id=26884, stack(0x0000008b7d200000,0x0000008b7d300000)]


Current CompileTask:
C2:   1690 2848       4       sun.security.util.AlgorithmDecomposer::decompose (336 bytes)

Stack: [0x0000008b7d200000,0x0000008b7d300000]
Native frames: (J=compiled Java code, j=interpreted, Vv=VM code, C=native code)
V  [jvm.dll+0x61e59a]
V  [jvm.dll+0x7aaca9]
V  [jvm.dll+0x7ac398]
V  [jvm.dll+0x7aca73]
V  [jvm.dll+0x24f9b8]
V  [jvm.dll+0xc260c]
V  [jvm.dll+0xc2bcc]
V  [jvm.dll+0x2c1884]
V  [jvm.dll+0x52d899]
V  [jvm.dll+0x210fcd]
V  [jvm.dll+0x20ac34]
V  [jvm.dll+0x207ccb]
V  [jvm.dll+0x18a2c1]
V  [jvm.dll+0x217734]
V  [jvm.dll+0x21597b]
V  [jvm.dll+0x76d7c0]
V  [jvm.dll+0x766724]
V  [jvm.dll+0x61d3f6]
C  [ucrtbase.dll+0x29363]
C  [KERNEL32.DLL+0x1257d]
C  [ntdll.dll+0x5aa58]


---------------  P R O C E S S  ---------------

Threads class SMR info:
_java_thread_list=0x000002696ffb4410, length=40, elements={
0x0000026949962000, 0x000002696e7da000, 0x000002696e7dd800, 0x000002696e82e800,
0x000002696e830000, 0x000002696e832000, 0x000002696e836000, 0x000002696e837000,
0x000002696e83a800, 0x000002696e98e800, 0x000002696e9c7800, 0x000002696f0d3000,
0x000002696f0d7800, 0x000002696fc00800, 0x000002696fbe3000, 0x000002696fca0800,
0x000002696fe62000, 0x000002696fded000, 0x000002696fd7f800, 0x000002696fd83000,
0x000002696fd80800, 0x000002696fd7e000, 0x000002696fd83800, 0x000002696fd81000,
0x000002696fd82000, 0x000002696fd84800, 0x000002696fd7e800, 0x000002696fe41000,
0x000002696fe3e800, 0x000002696fe3f800, 0x000002696fe3e000, 0x000002696fe40000,
0x000002696fe3c000, 0x000002696fe42000, 0x000002696fe42800, 0x000002696fdb2800,
0x000002696fff2800, 0x000002696fd76000, 0x000002696fd76800, 0x000002696fd7c800
}

Java Threads: ( => current thread )
  0x0000026949962000 JavaThread "main" [_thread_blocked, id=12688, stack(0x0000008b7c600000,0x0000008b7c700000)]
  0x000002696e7da000 JavaThread "Reference Handler" daemon [_thread_blocked, id=21224, stack(0x0000008b7cd00000,0x0000008b7ce00000)]
  0x000002696e7dd800 JavaThread "Finalizer" daemon [_thread_blocked, id=17544, stack(0x0000008b7ce00000,0x0000008b7cf00000)]
  0x000002696e82e800 JavaThread "Signal Dispatcher" daemon [_thread_blocked, id=27104, stack(0x0000008b7cf00000,0x0000008b7d000000)]
  0x000002696e830000 JavaThread "Attach Listener" daemon [_thread_blocked, id=17124, stack(0x0000008b7d000000,0x0000008b7d100000)]
  0x000002696e832000 JavaThread "Service Thread" daemon [_thread_blocked, id=15376, stack(0x0000008b7d100000,0x0000008b7d200000)]
=>0x000002696e836000 JavaThread "C2 CompilerThread0" daemon [_thread_in_native, id=26884, stack(0x0000008b7d200000,0x0000008b7d300000)]
  0x000002696e837000 JavaThread "C1 CompilerThread0" daemon [_thread_blocked, id=14328, stack(0x0000008b7d300000,0x0000008b7d400000)]
  0x000002696e83a800 JavaThread "Sweeper thread" daemon [_thread_blocked, id=18828, stack(0x0000008b7d400000,0x0000008b7d500000)]
  0x000002696e98e800 JavaThread "C1 CompilerThread1" daemon [_thread_blocked, id=25384, stack(0x0000008b7d500000,0x0000008b7d600000)]
  0x000002696e9c7800 JavaThread "Common-Cleaner" daemon [_thread_blocked, id=20772, stack(0x0000008b7d700000,0x0000008b7d800000)]
  0x000002696f0d3000 JavaThread "C1 CompilerThread2" daemon [_thread_blocked, id=13424, stack(0x0000008b7d800000,0x0000008b7d900000)]
  0x000002696f0d7800 JavaThread "C1 CompilerThread3" daemon [_thread_blocked, id=22236, stack(0x0000008b7d900000,0x0000008b7da00000)]
  0x000002696fc00800 JavaThread "C2 CompilerThread1" daemon [_thread_in_native, id=29028, stack(0x0000008b7da00000,0x0000008b7db00000)]
  0x000002696fbe3000 JavaThread "C2 CompilerThread2" daemon [_thread_in_native, id=19736, stack(0x0000008b7db00000,0x0000008b7dc00000)]
  0x000002696fca0800 JavaThread "Keep-Alive-Timer" daemon [_thread_blocked, id=12216, stack(0x0000008b7e100000,0x0000008b7e200000)]
  0x000002696fe62000 JavaThread "pool-1-thread-1" [_thread_in_vm, id=13364, stack(0x0000008b7e400000,0x0000008b7e500000)]
  0x000002696fded000 JavaThread "pool-1-thread-2" [_thread_blocked, id=13392, stack(0x0000008b7e500000,0x0000008b7e600000)]
  0x000002696fd7f800 JavaThread "pool-1-thread-3" [_thread_blocked, id=25868, stack(0x0000008b7e600000,0x0000008b7e700000)]
  0x000002696fd83000 JavaThread "pool-1-thread-4" [_thread_blocked, id=20912, stack(0x0000008b7e700000,0x0000008b7e800000)]
  0x000002696fd80800 JavaThread "pool-1-thread-5" [_thread_blocked, id=28368, stack(0x0000008b7e800000,0x0000008b7e900000)]
  0x000002696fd7e000 JavaThread "pool-1-thread-6" [_thread_blocked, id=20288, stack(0x0000008b7e900000,0x0000008b7ea00000)]
  0x000002696fd83800 JavaThread "pool-1-thread-7" [_thread_blocked, id=30408, stack(0x0000008b7ea00000,0x0000008b7eb00000)]
  0x000002696fd81000 JavaThread "pool-1-thread-8" [_thread_in_native, id=4744, stack(0x0000008b7eb00000,0x0000008b7ec00000)]
  0x000002696fd82000 JavaThread "pool-1-thread-9" [_thread_in_native, id=11476, stack(0x0000008b7ec00000,0x0000008b7ed00000)]
  0x000002696fd84800 JavaThread "pool-1-thread-10" [_thread_blocked, id=23896, stack(0x0000008b7ed00000,0x0000008b7ee00000)]
  0x000002696fd7e800 JavaThread "pool-1-thread-11" [_thread_in_Java, id=14940, stack(0x0000008b7ee00000,0x0000008b7ef00000)]
  0x000002696fe41000 JavaThread "pool-1-thread-12" [_thread_in_vm, id=19252, stack(0x0000008b7ef00000,0x0000008b7f000000)]
  0x000002696fe3e800 JavaThread "pool-1-thread-13" [_thread_in_vm, id=21828, stack(0x0000008b7f000000,0x0000008b7f100000)]
  0x000002696fe3f800 JavaThread "pool-1-thread-14" [_thread_in_native, id=11364, stack(0x0000008b7f100000,0x0000008b7f200000)]
  0x000002696fe3e000 JavaThread "pool-1-thread-15" [_thread_blocked, id=28720, stack(0x0000008b7f200000,0x0000008b7f300000)]
  0x000002696fe40000 JavaThread "pool-1-thread-16" [_thread_blocked, id=23420, stack(0x0000008b7f300000,0x0000008b7f400000)]
  0x000002696fe3c000 JavaThread "pool-1-thread-17" [_thread_in_native, id=17968, stack(0x0000008b7f400000,0x0000008b7f500000)]
  0x000002696fe42000 JavaThread "pool-1-thread-18" [_thread_blocked, id=19408, stack(0x0000008b7f500000,0x0000008b7f600000)]
  0x000002696fe42800 JavaThread "pool-1-thread-19" [_thread_blocked, id=23412, stack(0x0000008b7f600000,0x0000008b7f700000)]
  0x000002696fdb2800 JavaThread "C2 CompilerThread3" daemon [_thread_in_native, id=16972, stack(0x0000008b7f700000,0x0000008b7f800000)]
  0x000002696fff2800 JavaThread "C2 CompilerThread4" daemon [_thread_blocked, id=30784, stack(0x0000008b7f800000,0x0000008b7f900000)]
  0x000002696fd76000 JavaThread "C2 CompilerThread5" daemon [_thread_in_native, id=23436, stack(0x0000008b7f900000,0x0000008b7fa00000)]
  0x000002696fd76800 JavaThread "C2 CompilerThread6" daemon [_thread_blocked, id=22944, stack(0x0000008b7fa00000,0x0000008b7fb00000)]
  0x000002696fd7c800 JavaThread "C2 CompilerThread7" daemon [_thread_blocked, id=32180, stack(0x0000008b7fb00000,0x0000008b7fc00000)]

Other Threads:
  0x000002696e7b6000 VMThread "VM Thread" [stack: 0x0000008b7cc00000,0x0000008b7cd00000] [id=18524]
  0x000002696e9ba000 WatcherThread [stack: 0x0000008b7d600000,0x0000008b7d700000] [id=21844]
  0x000002694997c800 GCTaskThread "GC Thread#0" [stack: 0x0000008b7c700000,0x0000008b7c800000] [id=25148]
  0x000002696f19d800 GCTaskThread "GC Thread#1" [stack: 0x0000008b7dc00000,0x0000008b7dd00000] [id=9036]
  0x000002696f118800 GCTaskThread "GC Thread#2" [stack: 0x0000008b7dd00000,0x0000008b7de00000] [id=29100]
  0x000002696f119000 GCTaskThread "GC Thread#3" [stack: 0x0000008b7de00000,0x0000008b7df00000] [id=12016]
  0x000002696f11a800 GCTaskThread "GC Thread#4" [stack: 0x0000008b7df00000,0x0000008b7e000000] [id=22540]
  0x000002696f11b000 GCTaskThread "GC Thread#5" [stack: 0x0000008b7e000000,0x0000008b7e100000] [id=18648]
  0x00000269499da000 ConcurrentGCThread "G1 Main Marker" [stack: 0x0000008b7c800000,0x0000008b7c900000] [id=31668]
  0x00000269499db800 ConcurrentGCThread "G1 Conc#0" [stack: 0x0000008b7c900000,0x0000008b7ca00000] [id=25116]
  0x000002696fd5a800 ConcurrentGCThread "G1 Conc#1" [stack: 0x0000008b7e200000,0x0000008b7e300000] [id=18732]
  0x000002696f196000 ConcurrentGCThread "G1 Conc#2" [stack: 0x0000008b7e300000,0x0000008b7e400000] [id=2948]
  0x000002696de16800 ConcurrentGCThread "G1 Refine#0" [stack: 0x0000008b7ca00000,0x0000008b7cb00000] [id=16340]
  0x000002696de17800 ConcurrentGCThread "G1 Young RemSet Sampling" [stack: 0x0000008b7cb00000,0x0000008b7cc00000] [id=20784]

Threads with active compile tasks:
C2 CompilerThread0   1698 2848       4       sun.security.util.AlgorithmDecomposer::decompose (336 bytes)
C1 CompilerThread1   1698 2881       3       java.util.AbstractSequentialList::iterator (5 bytes)
C1 CompilerThread2   1698 2878       3       java.util.Optional::<init> (13 bytes)
C1 CompilerThread3   1698 2876       3       sun.security.jca.GetInstance::getServices (11 bytes)
C2 CompilerThread1   1698 2787       4       sun.security.util.AbstractAlgorithmConstraints::checkAlgorithm (87 bytes)
C2 CompilerThread2   1699 2869 %     4       sun.security.provider.SHA5::implCompress0 @ 133 (322 bytes)
C2 CompilerThread3   1699 2838   !   4       sun.security.ssl.SSLAlgorithmDecomposer::decompose (67 bytes)
C2 CompilerThread4   1699 2860 %     4       sun.security.util.math.intpoly.IntegerPolynomial::multByInt @ 3 (30 bytes)
C2 CompilerThread5   1699 2839       4       sun.security.util.AlgorithmDecomposer::decomposeImpl (128 bytes)
C2 CompilerThread6   1699 2823       4       java.util.regex.Pattern::split (290 bytes)
C2 CompilerThread7   1699 2890       4       com.sun.crypto.provider.GHASH::getLong (41 bytes)

VM state:at safepoint (normal execution)

VM Mutex/Monitor currently owned by a thread: None

Heap address: 0x0000000705e00000, size: 4002 MB, Compressed Oops mode: Zero based, Oop shift amount: 3
Narrow klass base: 0x0000000800000000, Narrow klass shift: 0
Compressed class space size: 1073741824 Address: 0x0000000800000000

Heap:
 garbage-first heap   total 258048K, used 32027K [0x0000000705e00000, 0x0000000800000000)
  region size 1024K, 33 young (33792K), 7 survivors (7168K)
 Metaspace       used 25029K, capacity 25442K, committed 25724K, reserved 1073152K
  class space    used 2532K, capacity 2662K, committed 2764K, reserved 1048576K
Heap Regions: E=young(eden), S=young(survivor), O=old, HS=humongous(starts), HC=humongous(continues), CS=collection set, F=free, A=archive, TAMS=top-at-mark-start (previous, next)
|   0|0x0000000705e00000, 0x0000000705e00000, 0x0000000705f00000|  0%| F|  |TAMS 0x0000000705e00000, 0x0000000705e00000| Untracked 
|   1|0x0000000705f00000, 0x0000000705f2d600, 0x0000000706000000| 17%| O|  |TAMS 0x0000000705f2d600, 0x0000000705f00000| Untracked 
|   2|0x0000000706000000, 0x0000000706000000, 0x0000000706100000|  0%| F|  |TAMS 0x0000000706000000, 0x0000000706000000| Untracked 
|   3|0x0000000706100000, 0x0000000706100000, 0x0000000706200000|  0%| F|  |TAMS 0x0000000706100000, 0x0000000706100000| Untracked 
|   4|0x0000000706200000, 0x0000000706200000, 0x0000000706300000|  0%| F|  |TAMS 0x0000000706200000, 0x0000000706200000| Untracked 
|   5|0x0000000706300000, 0x0000000706300000, 0x0000000706400000|  0%| F|  |TAMS 0x0000000706300000, 0x0000000706300000| Untracked 
|   6|0x0000000706400000, 0x0000000706400000, 0x0000000706500000|  0%| F|  |TAMS 0x0000000706400000, 0x0000000706400000| Untracked 
|   7|0x0000000706500000, 0x0000000706500000, 0x0000000706600000|  0%| F|  |TAMS 0x0000000706500000, 0x0000000706500000| Untracked 
|   8|0x0000000706600000, 0x0000000706600000, 0x0000000706700000|  0%| F|  |TAMS 0x0000000706600000, 0x0000000706600000| Untracked 
|   9|0x0000000706700000, 0x0000000706700000, 0x0000000706800000|  0%| F|  |TAMS 0x0000000706700000, 0x0000000706700000| Untracked 
|  10|0x0000000706800000, 0x0000000706800000, 0x0000000706900000|  0%| F|  |TAMS 0x0000000706800000, 0x0000000706800000| Untracked 
|  11|0x0000000706900000, 0x0000000706900000, 0x0000000706a00000|  0%| F|  |TAMS 0x0000000706900000, 0x0000000706900000| Untracked 
|  12|0x0000000706a00000, 0x0000000706a00000, 0x0000000706b00000|  0%| F|  |TAMS 0x0000000706a00000, 0x0000000706a00000| Untracked 
|  13|0x0000000706b00000, 0x0000000706b00000, 0x0000000706c00000|  0%| F|  |TAMS 0x0000000706b00000, 0x0000000706b00000| Untracked 
|  14|0x0000000706c00000, 0x0000000706c00000, 0x0000000706d00000|  0%| F|  |TAMS 0x0000000706c00000, 0x0000000706c00000| Untracked 
|  15|0x0000000706d00000, 0x0000000706d00000, 0x0000000706e00000|  0%| F|  |TAMS 0x0000000706d00000, 0x0000000706d00000| Untracked 
|  16|0x0000000706e00000, 0x0000000706e00000, 0x0000000706f00000|  0%| F|  |TAMS 0x0000000706e00000, 0x0000000706e00000| Untracked 
|  17|0x0000000706f00000, 0x0000000706f00000, 0x0000000707000000|  0%| F|  |TAMS 0x0000000706f00000, 0x0000000706f00000| Untracked 
|  18|0x0000000707000000, 0x0000000707000000, 0x0000000707100000|  0%| F|  |TAMS 0x0000000707000000, 0x0000000707000000| Untracked 
|  19|0x0000000707100000, 0x0000000707100000, 0x0000000707200000|  0%| F|  |TAMS 0x0000000707100000, 0x0000000707100000| Untracked 
|  20|0x0000000707200000, 0x0000000707200000, 0x0000000707300000|  0%| F|  |TAMS 0x0000000707200000, 0x0000000707200000| Untracked 
|  21|0x0000000707300000, 0x0000000707300000, 0x0000000707400000|  0%| F|  |TAMS 0x0000000707300000, 0x0000000707300000| Untracked 
|  22|0x0000000707400000, 0x0000000707400000, 0x0000000707500000|  0%| F|  |TAMS 0x0000000707400000, 0x0000000707400000| Untracked 
|  23|0x0000000707500000, 0x0000000707500000, 0x0000000707600000|  0%| F|  |TAMS 0x0000000707500000, 0x0000000707500000| Untracked 
|  24|0x0000000707600000, 0x0000000707600000, 0x0000000707700000|  0%| F|  |TAMS 0x0000000707600000, 0x0000000707600000| Untracked 
|  25|0x0000000707700000, 0x0000000707700000, 0x0000000707800000|  0%| F|  |TAMS 0x0000000707700000, 0x0000000707700000| Untracked 
|  26|0x0000000707800000, 0x0000000707800000, 0x0000000707900000|  0%| F|  |TAMS 0x0000000707800000, 0x0000000707800000| Untracked 
|  27|0x0000000707900000, 0x0000000707900000, 0x0000000707a00000|  0%| F|  |TAMS 0x0000000707900000, 0x0000000707900000| Untracked 
|  28|0x0000000707a00000, 0x0000000707a00000, 0x0000000707b00000|  0%| F|  |TAMS 0x0000000707a00000, 0x0000000707a00000| Untracked 
|  29|0x0000000707b00000, 0x0000000707b00000, 0x0000000707c00000|  0%| F|  |TAMS 0x0000000707b00000, 0x0000000707b00000| Untracked 
|  30|0x0000000707c00000, 0x0000000707c00000, 0x0000000707d00000|  0%| F|  |TAMS 0x0000000707c00000, 0x0000000707c00000| Untracked 
|  31|0x0000000707d00000, 0x0000000707d00000, 0x0000000707e00000|  0%| F|  |TAMS 0x0000000707d00000, 0x0000000707d00000| Untracked 
|  32|0x0000000707e00000, 0x0000000707e00000, 0x0000000707f00000|  0%| F|  |TAMS 0x0000000707e00000, 0x0000000707e00000| Untracked 
|  33|0x0000000707f00000, 0x0000000707f00000, 0x0000000708000000|  0%| F|  |TAMS 0x0000000707f00000, 0x0000000707f00000| Untracked 
|  34|0x0000000708000000, 0x0000000708000000, 0x0000000708100000|  0%| F|  |TAMS 0x0000000708000000, 0x0000000708000000| Untracked 
|  35|0x0000000708100000, 0x0000000708100000, 0x0000000708200000|  0%| F|  |TAMS 0x0000000708100000, 0x0000000708100000| Untracked 
|  36|0x0000000708200000, 0x0000000708200000, 0x0000000708300000|  0%| F|  |TAMS 0x0000000708200000, 0x0000000708200000| Untracked 
|  37|0x0000000708300000, 0x0000000708300000, 0x0000000708400000|  0%| F|  |TAMS 0x0000000708300000, 0x0000000708300000| Untracked 
|  38|0x0000000708400000, 0x0000000708400000, 0x0000000708500000|  0%| F|  |TAMS 0x0000000708400000, 0x0000000708400000| Untracked 
|  39|0x0000000708500000, 0x0000000708500000, 0x0000000708600000|  0%| F|  |TAMS 0x0000000708500000, 0x0000000708500000| Untracked 
|  40|0x0000000708600000, 0x0000000708600000, 0x0000000708700000|  0%| F|  |TAMS 0x0000000708600000, 0x0000000708600000| Untracked 
|  41|0x0000000708700000, 0x0000000708700000, 0x0000000708800000|  0%| F|  |TAMS 0x0000000708700000, 0x0000000708700000| Untracked 
|  42|0x0000000708800000, 0x0000000708800000, 0x0000000708900000|  0%| F|  |TAMS 0x0000000708800000, 0x0000000708800000| Untracked 
|  43|0x0000000708900000, 0x0000000708900000, 0x0000000708a00000|  0%| F|  |TAMS 0x0000000708900000, 0x0000000708900000| Untracked 
|  44|0x0000000708a00000, 0x0000000708a00000, 0x0000000708b00000|  0%| F|  |TAMS 0x0000000708a00000, 0x0000000708a00000| Untracked 
|  45|0x0000000708b00000, 0x0000000708b00000, 0x0000000708c00000|  0%| F|  |TAMS 0x0000000708b00000, 0x0000000708b00000| Untracked 
|  46|0x0000000708c00000, 0x0000000708c00000, 0x0000000708d00000|  0%| F|  |TAMS 0x0000000708c00000, 0x0000000708c00000| Untracked 
|  47|0x0000000708d00000, 0x0000000708d00000, 0x0000000708e00000|  0%| F|  |TAMS 0x0000000708d00000, 0x0000000708d00000| Untracked 
|  48|0x0000000708e00000, 0x0000000708e00000, 0x0000000708f00000|  0%| F|  |TAMS 0x0000000708e00000, 0x0000000708e00000| Untracked 
|  49|0x0000000708f00000, 0x0000000708f00000, 0x0000000709000000|  0%| F|  |TAMS 0x0000000708f00000, 0x0000000708f00000| Untracked 
|  50|0x0000000709000000, 0x0000000709000000, 0x0000000709100000|  0%| F|  |TAMS 0x0000000709000000, 0x0000000709000000| Untracked 
|  51|0x0000000709100000, 0x0000000709100000, 0x0000000709200000|  0%| F|  |TAMS 0x0000000709100000, 0x0000000709100000| Untracked 
|  52|0x0000000709200000, 0x0000000709200000, 0x0000000709300000|  0%| F|  |TAMS 0x0000000709200000, 0x0000000709200000| Untracked 
|  53|0x0000000709300000, 0x0000000709300000, 0x0000000709400000|  0%| F|  |TAMS 0x0000000709300000, 0x0000000709300000| Untracked 
|  54|0x0000000709400000, 0x0000000709400000, 0x0000000709500000|  0%| F|  |TAMS 0x0000000709400000, 0x0000000709400000| Untracked 
|  55|0x0000000709500000, 0x0000000709500000, 0x0000000709600000|  0%| F|  |TAMS 0x0000000709500000, 0x0000000709500000| Untracked 
|  56|0x0000000709600000, 0x0000000709600000, 0x0000000709700000|  0%| F|  |TAMS 0x0000000709600000, 0x0000000709600000| Untracked 
|  57|0x0000000709700000, 0x0000000709700000, 0x0000000709800000|  0%| F|  |TAMS 0x0000000709700000, 0x0000000709700000| Untracked 
|  58|0x0000000709800000, 0x0000000709800000, 0x0000000709900000|  0%| F|  |TAMS 0x0000000709800000, 0x0000000709800000| Untracked 
|  59|0x0000000709900000, 0x0000000709900000, 0x0000000709a00000|  0%| F|  |TAMS 0x0000000709900000, 0x0000000709900000| Untracked 
|  60|0x0000000709a00000, 0x0000000709a00000, 0x0000000709b00000|  0%| F|  |TAMS 0x0000000709a00000, 0x0000000709a00000| Untracked 
|  61|0x0000000709b00000, 0x0000000709b00000, 0x0000000709c00000|  0%| F|  |TAMS 0x0000000709b00000, 0x0000000709b00000| Untracked 
|  62|0x0000000709c00000, 0x0000000709c00000, 0x0000000709d00000|  0%| F|  |TAMS 0x0000000709c00000, 0x0000000709c00000| Untracked 
|  63|0x0000000709d00000, 0x0000000709d00000, 0x0000000709e00000|  0%| F|  |TAMS 0x0000000709d00000, 0x0000000709d00000| Untracked 
|  64|0x0000000709e00000, 0x0000000709e00000, 0x0000000709f00000|  0%| F|  |TAMS 0x0000000709e00000, 0x0000000709e00000| Untracked 
|  65|0x0000000709f00000, 0x0000000709f00000, 0x000000070a000000|  0%| F|  |TAMS 0x0000000709f00000, 0x0000000709f00000| Untracked 
|  66|0x000000070a000000, 0x000000070a000000, 0x000000070a100000|  0%| F|  |TAMS 0x000000070a000000, 0x000000070a000000| Untracked 
|  67|0x000000070a100000, 0x000000070a100000, 0x000000070a200000|  0%| F|  |TAMS 0x000000070a100000, 0x000000070a100000| Untracked 
|  68|0x000000070a200000, 0x000000070a200000, 0x000000070a300000|  0%| F|  |TAMS 0x000000070a200000, 0x000000070a200000| Untracked 
|  69|0x000000070a300000, 0x000000070a300000, 0x000000070a400000|  0%| F|  |TAMS 0x000000070a300000, 0x000000070a300000| Untracked 
|  70|0x000000070a400000, 0x000000070a400000, 0x000000070a500000|  0%| F|  |TAMS 0x000000070a400000, 0x000000070a400000| Untracked 
|  71|0x000000070a500000, 0x000000070a500000, 0x000000070a600000|  0%| F|  |TAMS 0x000000070a500000, 0x000000070a500000| Untracked 
|  72|0x000000070a600000, 0x000000070a600000, 0x000000070a700000|  0%| F|  |TAMS 0x000000070a600000, 0x000000070a600000| Untracked 
|  73|0x000000070a700000, 0x000000070a700000, 0x000000070a800000|  0%| F|  |TAMS 0x000000070a700000, 0x000000070a700000| Untracked 
|  74|0x000000070a800000, 0x000000070a800000, 0x000000070a900000|  0%| F|  |TAMS 0x000000070a800000, 0x000000070a800000| Untracked 
|  75|0x000000070a900000, 0x000000070a900000, 0x000000070aa00000|  0%| F|  |TAMS 0x000000070a900000, 0x000000070a900000| Untracked 
|  76|0x000000070aa00000, 0x000000070aa00000, 0x000000070ab00000|  0%| F|  |TAMS 0x000000070aa00000, 0x000000070aa00000| Untracked 
|  77|0x000000070ab00000, 0x000000070ab00000, 0x000000070ac00000|  0%| F|  |TAMS 0x000000070ab00000, 0x000000070ab00000| Untracked 
|  78|0x000000070ac00000, 0x000000070ac00000, 0x000000070ad00000|  0%| F|  |TAMS 0x000000070ac00000, 0x000000070ac00000| Untracked 
|  79|0x000000070ad00000, 0x000000070ad00000, 0x000000070ae00000|  0%| F|  |TAMS 0x000000070ad00000, 0x000000070ad00000| Untracked 
|  80|0x000000070ae00000, 0x000000070ae00000, 0x000000070af00000|  0%| F|  |TAMS 0x000000070ae00000, 0x000000070ae00000| Untracked 
|  81|0x000000070af00000, 0x000000070af00000, 0x000000070b000000|  0%| F|  |TAMS 0x000000070af00000, 0x000000070af00000| Untracked 
|  82|0x000000070b000000, 0x000000070b000000, 0x000000070b100000|  0%| F|  |TAMS 0x000000070b000000, 0x000000070b000000| Untracked 
|  83|0x000000070b100000, 0x000000070b100000, 0x000000070b200000|  0%| F|  |TAMS 0x000000070b100000, 0x000000070b100000| Untracked 
|  84|0x000000070b200000, 0x000000070b200000, 0x000000070b300000|  0%| F|  |TAMS 0x000000070b200000, 0x000000070b200000| Untracked 
|  85|0x000000070b300000, 0x000000070b300000, 0x000000070b400000|  0%| F|  |TAMS 0x000000070b300000, 0x000000070b300000| Untracked 
|  86|0x000000070b400000, 0x000000070b400000, 0x000000070b500000|  0%| F|  |TAMS 0x000000070b400000, 0x000000070b400000| Untracked 
|  87|0x000000070b500000, 0x000000070b500000, 0x000000070b600000|  0%| F|  |TAMS 0x000000070b500000, 0x000000070b500000| Untracked 
|  88|0x000000070b600000, 0x000000070b600000, 0x000000070b700000|  0%| F|  |TAMS 0x000000070b600000, 0x000000070b600000| Untracked 
|  89|0x000000070b700000, 0x000000070b700000, 0x000000070b800000|  0%| F|  |TAMS 0x000000070b700000, 0x000000070b700000| Untracked 
|  90|0x000000070b800000, 0x000000070b800000, 0x000000070b900000|  0%| F|  |TAMS 0x000000070b800000, 0x000000070b800000| Untracked 
|  91|0x000000070b900000, 0x000000070b900000, 0x000000070ba00000|  0%| F|  |TAMS 0x000000070b900000, 0x000000070b900000| Untracked 
|  92|0x000000070ba00000, 0x000000070ba00000, 0x000000070bb00000|  0%| F|  |TAMS 0x000000070ba00000, 0x000000070ba00000| Untracked 
|  93|0x000000070bb00000, 0x000000070bb00000, 0x000000070bc00000|  0%| F|  |TAMS 0x000000070bb00000, 0x000000070bb00000| Untracked 
|  94|0x000000070bc00000, 0x000000070bc00000, 0x000000070bd00000|  0%| F|  |TAMS 0x000000070bc00000, 0x000000070bc00000| Untracked 
|  95|0x000000070bd00000, 0x000000070bd00000, 0x000000070be00000|  0%| F|  |TAMS 0x000000070bd00000, 0x000000070bd00000| Untracked 
|  96|0x000000070be00000, 0x000000070be00000, 0x000000070bf00000|  0%| F|  |TAMS 0x000000070be00000, 0x000000070be00000| Untracked 
|  97|0x000000070bf00000, 0x000000070bf00000, 0x000000070c000000|  0%| F|  |TAMS 0x000000070bf00000, 0x000000070bf00000| Untracked 
|  98|0x000000070c000000, 0x000000070c000000, 0x000000070c100000|  0%| F|  |TAMS 0x000000070c000000, 0x000000070c000000| Untracked 
|  99|0x000000070c100000, 0x000000070c100000, 0x000000070c200000|  0%| F|  |TAMS 0x000000070c100000, 0x000000070c100000| Untracked 
| 100|0x000000070c200000, 0x000000070c200000, 0x000000070c300000|  0%| F|  |TAMS 0x000000070c200000, 0x000000070c200000| Untracked 
| 101|0x000000070c300000, 0x000000070c300000, 0x000000070c400000|  0%| F|  |TAMS 0x000000070c300000, 0x000000070c300000| Untracked 
| 102|0x000000070c400000, 0x000000070c400000, 0x000000070c500000|  0%| F|  |TAMS 0x000000070c400000, 0x000000070c400000| Untracked 
| 103|0x000000070c500000, 0x000000070c500000, 0x000000070c600000|  0%| F|  |TAMS 0x000000070c500000, 0x000000070c500000| Untracked 
| 104|0x000000070c600000, 0x000000070c600000, 0x000000070c700000|  0%| F|  |TAMS 0x000000070c600000, 0x000000070c600000| Untracked 
| 105|0x000000070c700000, 0x000000070c700000, 0x000000070c800000|  0%| F|  |TAMS 0x000000070c700000, 0x000000070c700000| Untracked 
| 106|0x000000070c800000, 0x000000070c800000, 0x000000070c900000|  0%| F|  |TAMS 0x000000070c800000, 0x000000070c800000| Untracked 
| 107|0x000000070c900000, 0x000000070c900000, 0x000000070ca00000|  0%| F|  |TAMS 0x000000070c900000, 0x000000070c900000| Untracked 
| 108|0x000000070ca00000, 0x000000070ca00000, 0x000000070cb00000|  0%| F|  |TAMS 0x000000070ca00000, 0x000000070ca00000| Untracked 
| 109|0x000000070cb00000, 0x000000070cb00000, 0x000000070cc00000|  0%| F|  |TAMS 0x000000070cb00000, 0x000000070cb00000| Untracked 
| 110|0x000000070cc00000, 0x000000070cc00000, 0x000000070cd00000|  0%| F|  |TAMS 0x000000070cc00000, 0x000000070cc00000| Untracked 
| 111|0x000000070cd00000, 0x000000070cd00000, 0x000000070ce00000|  0%| F|  |TAMS 0x000000070cd00000, 0x000000070cd00000| Untracked 
| 112|0x000000070ce00000, 0x000000070ce00000, 0x000000070cf00000|  0%| F|  |TAMS 0x000000070ce00000, 0x000000070ce00000| Untracked 
| 113|0x000000070cf00000, 0x000000070cf00000, 0x000000070d000000|  0%| F|  |TAMS 0x000000070cf00000, 0x000000070cf00000| Untracked 
| 114|0x000000070d000000, 0x000000070d000000, 0x000000070d100000|  0%| F|  |TAMS 0x000000070d000000, 0x000000070d000000| Untracked 
| 115|0x000000070d100000, 0x000000070d100000, 0x000000070d200000|  0%| F|  |TAMS 0x000000070d100000, 0x000000070d100000| Untracked 
| 116|0x000000070d200000, 0x000000070d200000, 0x000000070d300000|  0%| F|  |TAMS 0x000000070d200000, 0x000000070d200000| Untracked 
| 117|0x000000070d300000, 0x000000070d300000, 0x000000070d400000|  0%| F|  |TAMS 0x000000070d300000, 0x000000070d300000| Untracked 
| 118|0x000000070d400000, 0x000000070d400000, 0x000000070d500000|  0%| F|  |TAMS 0x000000070d400000, 0x000000070d400000| Untracked 
| 119|0x000000070d500000, 0x000000070d500000, 0x000000070d600000|  0%| F|  |TAMS 0x000000070d500000, 0x000000070d500000| Untracked 
| 120|0x000000070d600000, 0x000000070d600000, 0x000000070d700000|  0%| F|  |TAMS 0x000000070d600000, 0x000000070d600000| Untracked 
| 121|0x000000070d700000, 0x000000070d700000, 0x000000070d800000|  0%| F|  |TAMS 0x000000070d700000, 0x000000070d700000| Untracked 
| 122|0x000000070d800000, 0x000000070d800000, 0x000000070d900000|  0%| F|  |TAMS 0x000000070d800000, 0x000000070d800000| Untracked 
| 123|0x000000070d900000, 0x000000070d900000, 0x000000070da00000|  0%| F|  |TAMS 0x000000070d900000, 0x000000070d900000| Untracked 
| 124|0x000000070da00000, 0x000000070da00000, 0x000000070db00000|  0%| F|  |TAMS 0x000000070da00000, 0x000000070da00000| Untracked 
| 125|0x000000070db00000, 0x000000070db00000, 0x000000070dc00000|  0%| F|  |TAMS 0x000000070db00000, 0x000000070db00000| Untracked 
| 126|0x000000070dc00000, 0x000000070dc00000, 0x000000070dd00000|  0%| F|  |TAMS 0x000000070dc00000, 0x000000070dc00000| Untracked 
| 127|0x000000070dd00000, 0x000000070dd00000, 0x000000070de00000|  0%| F|  |TAMS 0x000000070dd00000, 0x000000070dd00000| Untracked 
| 128|0x000000070de00000, 0x000000070de00000, 0x000000070df00000|  0%| F|  |TAMS 0x000000070de00000, 0x000000070de00000| Untracked 
| 129|0x000000070df00000, 0x000000070df00000, 0x000000070e000000|  0%| F|  |TAMS 0x000000070df00000, 0x000000070df00000| Untracked 
| 130|0x000000070e000000, 0x000000070e000000, 0x000000070e100000|  0%| F|  |TAMS 0x000000070e000000, 0x000000070e000000| Untracked 
| 131|0x000000070e100000, 0x000000070e100000, 0x000000070e200000|  0%| F|  |TAMS 0x000000070e100000, 0x000000070e100000| Untracked 
| 132|0x000000070e200000, 0x000000070e200000, 0x000000070e300000|  0%| F|  |TAMS 0x000000070e200000, 0x000000070e200000| Untracked 
| 133|0x000000070e300000, 0x000000070e300000, 0x000000070e400000|  0%| F|  |TAMS 0x000000070e300000, 0x000000070e300000| Untracked 
| 134|0x000000070e400000, 0x000000070e400000, 0x000000070e500000|  0%| F|  |TAMS 0x000000070e400000, 0x000000070e400000| Untracked 
| 135|0x000000070e500000, 0x000000070e500000, 0x000000070e600000|  0%| F|  |TAMS 0x000000070e500000, 0x000000070e500000| Untracked 
| 136|0x000000070e600000, 0x000000070e600000, 0x000000070e700000|  0%| F|  |TAMS 0x000000070e600000, 0x000000070e600000| Untracked 
| 137|0x000000070e700000, 0x000000070e700000, 0x000000070e800000|  0%| F|  |TAMS 0x000000070e700000, 0x000000070e700000| Untracked 
| 138|0x000000070e800000, 0x000000070e800000, 0x000000070e900000|  0%| F|  |TAMS 0x000000070e800000, 0x000000070e800000| Untracked 
| 139|0x000000070e900000, 0x000000070e900000, 0x000000070ea00000|  0%| F|  |TAMS 0x000000070e900000, 0x000000070e900000| Untracked 
| 140|0x000000070ea00000, 0x000000070ea00000, 0x000000070eb00000|  0%| F|  |TAMS 0x000000070ea00000, 0x000000070ea00000| Untracked 
| 141|0x000000070eb00000, 0x000000070eb00000, 0x000000070ec00000|  0%| F|  |TAMS 0x000000070eb00000, 0x000000070eb00000| Untracked 
| 142|0x000000070ec00000, 0x000000070ec00000, 0x000000070ed00000|  0%| F|  |TAMS 0x000000070ec00000, 0x000000070ec00000| Untracked 
| 143|0x000000070ed00000, 0x000000070ed00000, 0x000000070ee00000|  0%| F|  |TAMS 0x000000070ed00000, 0x000000070ed00000| Untracked 
| 144|0x000000070ee00000, 0x000000070ee00000, 0x000000070ef00000|  0%| F|  |TAMS 0x000000070ee00000, 0x000000070ee00000| Untracked 
| 145|0x000000070ef00000, 0x000000070ef00000, 0x000000070f000000|  0%| F|  |TAMS 0x000000070ef00000, 0x000000070ef00000| Untracked 
| 146|0x000000070f000000, 0x000000070f000000, 0x000000070f100000|  0%| F|  |TAMS 0x000000070f000000, 0x000000070f000000| Untracked 
| 147|0x000000070f100000, 0x000000070f100000, 0x000000070f200000|  0%| F|  |TAMS 0x000000070f100000, 0x000000070f100000| Untracked 
| 148|0x000000070f200000, 0x000000070f200000, 0x000000070f300000|  0%| F|  |TAMS 0x000000070f200000, 0x000000070f200000| Untracked 
| 149|0x000000070f300000, 0x000000070f300000, 0x000000070f400000|  0%| F|  |TAMS 0x000000070f300000, 0x000000070f300000| Untracked 
| 150|0x000000070f400000, 0x000000070f400000, 0x000000070f500000|  0%| F|  |TAMS 0x000000070f400000, 0x000000070f400000| Untracked 
| 151|0x000000070f500000, 0x000000070f500000, 0x000000070f600000|  0%| F|  |TAMS 0x000000070f500000, 0x000000070f500000| Untracked 
| 152|0x000000070f600000, 0x000000070f600000, 0x000000070f700000|  0%| F|  |TAMS 0x000000070f600000, 0x000000070f600000| Untracked 
| 153|0x000000070f700000, 0x000000070f700000, 0x000000070f800000|  0%| F|  |TAMS 0x000000070f700000, 0x000000070f700000| Untracked 
| 154|0x000000070f800000, 0x000000070f800000, 0x000000070f900000|  0%| F|  |TAMS 0x000000070f800000, 0x000000070f800000| Untracked 
| 155|0x000000070f900000, 0x000000070f900000, 0x000000070fa00000|  0%| F|  |TAMS 0x000000070f900000, 0x000000070f900000| Untracked 
| 156|0x000000070fa00000, 0x000000070fa00000, 0x000000070fb00000|  0%| F|  |TAMS 0x000000070fa00000, 0x000000070fa00000| Untracked 
| 157|0x000000070fb00000, 0x000000070fb00000, 0x000000070fc00000|  0%| F|  |TAMS 0x000000070fb00000, 0x000000070fb00000| Untracked 
| 158|0x000000070fc00000, 0x000000070fc00000, 0x000000070fd00000|  0%| F|  |TAMS 0x000000070fc00000, 0x000000070fc00000| Untracked 
| 159|0x000000070fd00000, 0x000000070fd00000, 0x000000070fe00000|  0%| F|  |TAMS 0x000000070fd00000, 0x000000070fd00000| Untracked 
| 160|0x000000070fe00000, 0x000000070fe00000, 0x000000070ff00000|  0%| F|  |TAMS 0x000000070fe00000, 0x000000070fe00000| Untracked 
| 161|0x000000070ff00000, 0x000000070ff00000, 0x0000000710000000|  0%| F|  |TAMS 0x000000070ff00000, 0x000000070ff00000| Untracked 
| 162|0x0000000710000000, 0x0000000710000000, 0x0000000710100000|  0%| F|  |TAMS 0x0000000710000000, 0x0000000710000000| Untracked 
| 163|0x0000000710100000, 0x0000000710100000, 0x0000000710200000|  0%| F|  |TAMS 0x0000000710100000, 0x0000000710100000| Untracked 
| 164|0x0000000710200000, 0x0000000710200000, 0x0000000710300000|  0%| F|  |TAMS 0x0000000710200000, 0x0000000710200000| Untracked 
| 165|0x0000000710300000, 0x0000000710300000, 0x0000000710400000|  0%| F|  |TAMS 0x0000000710300000, 0x0000000710300000| Untracked 
| 166|0x0000000710400000, 0x0000000710400000, 0x0000000710500000|  0%| F|  |TAMS 0x0000000710400000, 0x0000000710400000| Untracked 
| 167|0x0000000710500000, 0x0000000710500000, 0x0000000710600000|  0%| F|  |TAMS 0x0000000710500000, 0x0000000710500000| Untracked 
| 168|0x0000000710600000, 0x0000000710600000, 0x0000000710700000|  0%| F|  |TAMS 0x0000000710600000, 0x0000000710600000| Untracked 
| 169|0x0000000710700000, 0x0000000710700000, 0x0000000710800000|  0%| F|  |TAMS 0x0000000710700000, 0x0000000710700000| Untracked 
| 170|0x0000000710800000, 0x0000000710800000, 0x0000000710900000|  0%| F|  |TAMS 0x0000000710800000, 0x0000000710800000| Untracked 
| 171|0x0000000710900000, 0x0000000710900000, 0x0000000710a00000|  0%| F|  |TAMS 0x0000000710900000, 0x0000000710900000| Untracked 
| 172|0x0000000710a00000, 0x0000000710a00000, 0x0000000710b00000|  0%| F|  |TAMS 0x0000000710a00000, 0x0000000710a00000| Untracked 
| 173|0x0000000710b00000, 0x0000000710b00000, 0x0000000710c00000|  0%| F|  |TAMS 0x0000000710b00000, 0x0000000710b00000| Untracked 
| 174|0x0000000710c00000, 0x0000000710c00000, 0x0000000710d00000|  0%| F|  |TAMS 0x0000000710c00000, 0x0000000710c00000| Untracked 
| 175|0x0000000710d00000, 0x0000000710d00000, 0x0000000710e00000|  0%| F|  |TAMS 0x0000000710d00000, 0x0000000710d00000| Untracked 
| 176|0x0000000710e00000, 0x0000000710e00000, 0x0000000710f00000|  0%| F|  |TAMS 0x0000000710e00000, 0x0000000710e00000| Untracked 
| 177|0x0000000710f00000, 0x0000000710f00000, 0x0000000711000000|  0%| F|  |TAMS 0x0000000710f00000, 0x0000000710f00000| Untracked 
| 178|0x0000000711000000, 0x0000000711000000, 0x0000000711100000|  0%| F|  |TAMS 0x0000000711000000, 0x0000000711000000| Untracked 
| 179|0x0000000711100000, 0x0000000711100000, 0x0000000711200000|  0%| F|  |TAMS 0x0000000711100000, 0x0000000711100000| Untracked 
| 180|0x0000000711200000, 0x0000000711200000, 0x0000000711300000|  0%| F|  |TAMS 0x0000000711200000, 0x0000000711200000| Untracked 
| 181|0x0000000711300000, 0x0000000711300000, 0x0000000711400000|  0%| F|  |TAMS 0x0000000711300000, 0x0000000711300000| Untracked 
| 182|0x0000000711400000, 0x0000000711400000, 0x0000000711500000|  0%| F|  |TAMS 0x0000000711400000, 0x0000000711400000| Untracked 
| 183|0x0000000711500000, 0x0000000711500000, 0x0000000711600000|  0%| F|  |TAMS 0x0000000711500000, 0x0000000711500000| Untracked 
| 184|0x0000000711600000, 0x0000000711600000, 0x0000000711700000|  0%| F|  |TAMS 0x0000000711600000, 0x0000000711600000| Untracked 
| 185|0x0000000711700000, 0x0000000711700000, 0x0000000711800000|  0%| F|  |TAMS 0x0000000711700000, 0x0000000711700000| Untracked 
| 186|0x0000000711800000, 0x0000000711800000, 0x0000000711900000|  0%| F|  |TAMS 0x0000000711800000, 0x0000000711800000| Untracked 
| 187|0x0000000711900000, 0x0000000711900000, 0x0000000711a00000|  0%| F|  |TAMS 0x0000000711900000, 0x0000000711900000| Untracked 
| 188|0x0000000711a00000, 0x0000000711a00000, 0x0000000711b00000|  0%| F|  |TAMS 0x0000000711a00000, 0x0000000711a00000| Untracked 
| 189|0x0000000711b00000, 0x0000000711b00000, 0x0000000711c00000|  0%| F|  |TAMS 0x0000000711b00000, 0x0000000711b00000| Untracked 
| 190|0x0000000711c00000, 0x0000000711c00000, 0x0000000711d00000|  0%| F|  |TAMS 0x0000000711c00000, 0x0000000711c00000| Untracked 
| 191|0x0000000711d00000, 0x0000000711d00000, 0x0000000711e00000|  0%| F|  |TAMS 0x0000000711d00000, 0x0000000711d00000| Untracked 
| 192|0x0000000711e00000, 0x0000000711e00000, 0x0000000711f00000|  0%| F|  |TAMS 0x0000000711e00000, 0x0000000711e00000| Untracked 
| 193|0x0000000711f00000, 0x0000000711f00000, 0x0000000712000000|  0%| F|  |TAMS 0x0000000711f00000, 0x0000000711f00000| Untracked 
| 194|0x0000000712000000, 0x0000000712000000, 0x0000000712100000|  0%| F|  |TAMS 0x0000000712000000, 0x0000000712000000| Untracked 
| 195|0x0000000712100000, 0x0000000712100000, 0x0000000712200000|  0%| F|  |TAMS 0x0000000712100000, 0x0000000712100000| Untracked 
| 196|0x0000000712200000, 0x0000000712200000, 0x0000000712300000|  0%| F|  |TAMS 0x0000000712200000, 0x0000000712200000| Untracked 
| 197|0x0000000712300000, 0x0000000712300000, 0x0000000712400000|  0%| F|  |TAMS 0x0000000712300000, 0x0000000712300000| Untracked 
| 198|0x0000000712400000, 0x0000000712400000, 0x0000000712500000|  0%| F|  |TAMS 0x0000000712400000, 0x0000000712400000| Untracked 
| 199|0x0000000712500000, 0x0000000712500000, 0x0000000712600000|  0%| F|  |TAMS 0x0000000712500000, 0x0000000712500000| Untracked 
| 200|0x0000000712600000, 0x0000000712600000, 0x0000000712700000|  0%| F|  |TAMS 0x0000000712600000, 0x0000000712600000| Untracked 
| 201|0x0000000712700000, 0x0000000712700000, 0x0000000712800000|  0%| F|  |TAMS 0x0000000712700000, 0x0000000712700000| Untracked 
| 202|0x0000000712800000, 0x0000000712800000, 0x0000000712900000|  0%| F|  |TAMS 0x0000000712800000, 0x0000000712800000| Untracked 
| 203|0x0000000712900000, 0x0000000712900000, 0x0000000712a00000|  0%| F|  |TAMS 0x0000000712900000, 0x0000000712900000| Untracked 
| 204|0x0000000712a00000, 0x0000000712a00000, 0x0000000712b00000|  0%| F|  |TAMS 0x0000000712a00000, 0x0000000712a00000| Untracked 
| 205|0x0000000712b00000, 0x0000000712b00000, 0x0000000712c00000|  0%| F|  |TAMS 0x0000000712b00000, 0x0000000712b00000| Untracked 
| 206|0x0000000712c00000, 0x0000000712c00000, 0x0000000712d00000|  0%| F|  |TAMS 0x0000000712c00000, 0x0000000712c00000| Untracked 
| 207|0x0000000712d00000, 0x0000000712d00000, 0x0000000712e00000|  0%| F|  |TAMS 0x0000000712d00000, 0x0000000712d00000| Untracked 
| 208|0x0000000712e00000, 0x0000000712e00000, 0x0000000712f00000|  0%| F|  |TAMS 0x0000000712e00000, 0x0000000712e00000| Untracked 
| 209|0x0000000712f00000, 0x0000000712f00000, 0x0000000713000000|  0%| F|  |TAMS 0x0000000712f00000, 0x0000000712f00000| Untracked 
| 210|0x0000000713000000, 0x0000000713000000, 0x0000000713100000|  0%| F|  |TAMS 0x0000000713000000, 0x0000000713000000| Untracked 
| 211|0x0000000713100000, 0x0000000713100000, 0x0000000713200000|  0%| F|  |TAMS 0x0000000713100000, 0x0000000713100000| Untracked 
| 212|0x0000000713200000, 0x0000000713200000, 0x0000000713300000|  0%| F|  |TAMS 0x0000000713200000, 0x0000000713200000| Untracked 
| 213|0x0000000713300000, 0x0000000713300000, 0x0000000713400000|  0%| F|  |TAMS 0x0000000713300000, 0x0000000713300000| Untracked 
| 214|0x0000000713400000, 0x0000000713400000, 0x0000000713500000|  0%| F|  |TAMS 0x0000000713400000, 0x0000000713400000| Untracked 
| 215|0x0000000713500000, 0x0000000713500000, 0x0000000713600000|  0%| F|  |TAMS 0x0000000713500000, 0x0000000713500000| Untracked 
| 216|0x0000000713600000, 0x0000000713600000, 0x0000000713700000|  0%| F|  |TAMS 0x0000000713600000, 0x0000000713600000| Untracked 
| 217|0x0000000713700000, 0x0000000713700000, 0x0000000713800000|  0%| F|  |TAMS 0x0000000713700000, 0x0000000713700000| Untracked 
| 218|0x0000000713800000, 0x0000000713800000, 0x0000000713900000|  0%| F|  |TAMS 0x0000000713800000, 0x0000000713800000| Untracked 
| 219|0x0000000713900000, 0x00000007139c4850, 0x0000000713a00000| 76%| E|  |TAMS 0x0000000713900000, 0x0000000713900000| Complete 
| 220|0x0000000713a00000, 0x0000000713a197f0, 0x0000000713b00000|  9%| S|CS|TAMS 0x0000000713a00000, 0x0000000713a00000| Complete 
| 221|0x0000000713b00000, 0x0000000713c00000, 0x0000000713c00000|100%| S|CS|TAMS 0x0000000713b00000, 0x0000000713b00000| Complete 
| 222|0x0000000713c00000, 0x0000000713d00000, 0x0000000713d00000|100%| S|CS|TAMS 0x0000000713c00000, 0x0000000713c00000| Complete 
| 223|0x0000000713d00000, 0x0000000713e00000, 0x0000000713e00000|100%| S|CS|TAMS 0x0000000713d00000, 0x0000000713d00000| Complete 
| 224|0x0000000713e00000, 0x0000000713f00000, 0x0000000713f00000|100%| S|CS|TAMS 0x0000000713e00000, 0x0000000713e00000| Complete 
| 225|0x0000000713f00000, 0x0000000714000000, 0x0000000714000000|100%| E|CS|TAMS 0x0000000713f00000, 0x0000000713f00000| Complete 
| 226|0x0000000714000000, 0x0000000714100000, 0x0000000714100000|100%| E|CS|TAMS 0x0000000714000000, 0x0000000714000000| Complete 
| 227|0x0000000714100000, 0x0000000714200000, 0x0000000714200000|100%| E|CS|TAMS 0x0000000714100000, 0x0000000714100000| Complete 
| 228|0x0000000714200000, 0x0000000714300000, 0x0000000714300000|100%| S|CS|TAMS 0x0000000714200000, 0x0000000714200000| Complete 
| 229|0x0000000714300000, 0x0000000714400000, 0x0000000714400000|100%| S|CS|TAMS 0x0000000714300000, 0x0000000714300000| Complete 
| 230|0x0000000714400000, 0x0000000714500000, 0x0000000714500000|100%| E|CS|TAMS 0x0000000714400000, 0x0000000714400000| Complete 
| 231|0x0000000714500000, 0x0000000714600000, 0x0000000714600000|100%| E|CS|TAMS 0x0000000714500000, 0x0000000714500000| Complete 
| 232|0x0000000714600000, 0x0000000714700000, 0x0000000714700000|100%| E|CS|TAMS 0x0000000714600000, 0x0000000714600000| Complete 
| 233|0x0000000714700000, 0x0000000714800000, 0x0000000714800000|100%| E|CS|TAMS 0x0000000714700000, 0x0000000714700000| Complete 
| 234|0x0000000714800000, 0x0000000714900000, 0x0000000714900000|100%| E|CS|TAMS 0x0000000714800000, 0x0000000714800000| Complete 
| 235|0x0000000714900000, 0x0000000714a00000, 0x0000000714a00000|100%| E|CS|TAMS 0x0000000714900000, 0x0000000714900000| Complete 
| 236|0x0000000714a00000, 0x0000000714b00000, 0x0000000714b00000|100%| E|CS|TAMS 0x0000000714a00000, 0x0000000714a00000| Complete 
| 237|0x0000000714b00000, 0x0000000714c00000, 0x0000000714c00000|100%| E|CS|TAMS 0x0000000714b00000, 0x0000000714b00000| Complete 
| 238|0x0000000714c00000, 0x0000000714d00000, 0x0000000714d00000|100%| E|CS|TAMS 0x0000000714c00000, 0x0000000714c00000| Complete 
| 239|0x0000000714d00000, 0x0000000714e00000, 0x0000000714e00000|100%| E|CS|TAMS 0x0000000714d00000, 0x0000000714d00000| Complete 
| 240|0x0000000714e00000, 0x0000000714f00000, 0x0000000714f00000|100%| E|CS|TAMS 0x0000000714e00000, 0x0000000714e00000| Complete 
| 241|0x0000000714f00000, 0x0000000715000000, 0x0000000715000000|100%| E|CS|TAMS 0x0000000714f00000, 0x0000000714f00000| Complete 
| 242|0x0000000715000000, 0x0000000715100000, 0x0000000715100000|100%| E|CS|TAMS 0x0000000715000000, 0x0000000715000000| Complete 
| 243|0x0000000715100000, 0x0000000715200000, 0x0000000715200000|100%| E|CS|TAMS 0x0000000715100000, 0x0000000715100000| Complete 
| 244|0x0000000715200000, 0x0000000715300000, 0x0000000715300000|100%| E|CS|TAMS 0x0000000715200000, 0x0000000715200000| Complete 
| 245|0x0000000715300000, 0x0000000715400000, 0x0000000715400000|100%| E|CS|TAMS 0x0000000715300000, 0x0000000715300000| Complete 
| 246|0x0000000715400000, 0x0000000715500000, 0x0000000715500000|100%| E|CS|TAMS 0x0000000715400000, 0x0000000715400000| Complete 
| 247|0x0000000715500000, 0x0000000715600000, 0x0000000715600000|100%| E|CS|TAMS 0x0000000715500000, 0x0000000715500000| Complete 
| 248|0x0000000715600000, 0x0000000715700000, 0x0000000715700000|100%| E|CS|TAMS 0x0000000715600000, 0x0000000715600000| Complete 
| 249|0x0000000715700000, 0x0000000715800000, 0x0000000715800000|100%| E|CS|TAMS 0x0000000715700000, 0x0000000715700000| Complete 
| 250|0x0000000715800000, 0x0000000715900000, 0x0000000715900000|100%| E|CS|TAMS 0x0000000715800000, 0x0000000715800000| Complete 
| 251|0x0000000715900000, 0x0000000715a00000, 0x0000000715a00000|100%| E|CS|TAMS 0x0000000715900000, 0x0000000715900000| Complete 

Card table byte_map: [0x00000269620f0000,0x00000269628d0000] _byte_map_base: 0x000002695e8c1000

Marking Bits (Prev, Next): (CMBitMap*) 0x00000269499c98a0, (CMBitMap*) 0x00000269499c9868
 Prev Bits: [0x0000026966f40000, 0x000002696adc8000)
 Next Bits: [0x00000269630b0000, 0x0000026966f38000)

Polling page: 0x00000269478c0000

Metaspace:

Usage:
  Non-class:     22.26 MB capacity,    21.99 MB ( 99%) used,   227.55 KB ( <1%) free+waste,    42.13 KB ( <1%) overhead. 
      Class:      2.60 MB capacity,     2.47 MB ( 95%) used,   112.66 KB (  4%) free+waste,    17.81 KB ( <1%) overhead. 
       Both:     24.86 MB capacity,    24.47 MB ( 98%) used,   340.22 KB (  1%) free+waste,    59.94 KB ( <1%) overhead. 

Virtual space:
  Non-class space:       24.00 MB reserved,      22.42 MB ( 93%) committed 
      Class space:        1.00 GB reserved,       2.70 MB ( <1%) committed 
             Both:        1.02 GB reserved,      25.12 MB (  2%) committed 

Chunk freelists:
   Non-Class:  42.00 KB
       Class:  24.00 KB
        Both:  66.00 KB

MaxMetaspaceSize: 17179869184.00 GB
CompressedClassSpaceSize: 1.00 GB
Initial GC threshold: 20.80 MB
Current GC threshold: 35.20 MB
CDS: off

CodeHeap 'non-profiled nmethods': size=119168Kb used=925Kb max_used=925Kb free=118242Kb
 bounds [0x0000026959c30000, 0x0000026959ea0000, 0x0000026961090000]
CodeHeap 'profiled nmethods': size=119168Kb used=6203Kb max_used=6203Kb free=112964Kb
 bounds [0x00000269527d0000, 0x0000026952de0000, 0x0000026959c30000]
CodeHeap 'non-nmethods': size=7424Kb used=2913Kb max_used=2942Kb free=4510Kb
 bounds [0x0000026952090000, 0x0000026952380000, 0x00000269527d0000]
 total_blobs=3382 nmethods=2900 adapters=389
 compilation: enabled
              stopped_count=0, restarted_count=0
 full_count=0

Compilation events (20 events):
Event: 1.637 Thread 0x000002696fdb2800 2838   !   4       sun.security.ssl.SSLAlgorithmDecomposer::decompose (67 bytes)
Event: 1.640 Thread 0x000002696e836000 nmethod 2801 0x0000026959d09110 code [0x0000026959d092e0, 0x0000026959d096d8]
Event: 1.640 Thread 0x000002696e836000 2773       4       java.lang.Enum::equals (11 bytes)
Event: 1.641 Thread 0x000002696e836000 nmethod 2773 0x0000026959d09990 code [0x0000026959d09b20, 0x0000026959d09b98]
Event: 1.641 Thread 0x000002696e836000 2848       4       sun.security.util.AlgorithmDecomposer::decompose (336 bytes)
Event: 1.643 Thread 0x000002696fff2800 nmethod 2754 0x0000026959d09c90 code [0x0000026959d09ee0, 0x0000026959d0b0b8]
Event: 1.644 Thread 0x000002696fff2800 2849       4       sun.security.ec.XECOperations::cswap (9 bytes)
Event: 1.650 Thread 0x000002696fff2800 nmethod 2849 0x0000026959d0b910 code [0x0000026959d0bac0, 0x0000026959d0bd78]
Event: 1.650 Thread 0x000002696fff2800 2850       4       sun.security.util.math.intpoly.IntegerPolynomial$MutableElement::conditionalSwapWith (38 bytes)
Event: 1.651 Thread 0x000002696fbe3000 nmethod 2821 0x0000026959d0bf90 code [0x0000026959d0c180, 0x0000026959d0caf8]
Event: 1.651 Thread 0x000002696fbe3000 2798       4       sun.security.ec.XECOperations::bitAt (23 bytes)
Event: 1.651 Thread 0x000002696fbe3000 nmethod 2798 0x0000026959d0ce10 code [0x0000026959d0cfa0, 0x0000026959d0d078]
Event: 1.651 Thread 0x000002696fbe3000 2806       4       java.nio.HeapByteBuffer::ix (7 bytes)
Event: 1.652 Thread 0x000002696fbe3000 nmethod 2806 0x0000026959d0d190 code [0x0000026959d0d320, 0x0000026959d0d398]
Event: 1.652 Thread 0x000002696fbe3000 2851       4       java.nio.ByteBuffer::limit (8 bytes)
Event: 1.653 Thread 0x000002696fbe3000 nmethod 2851 0x0000026959d0d490 code [0x0000026959d0d620, 0x0000026959d0d6f8]
Event: 1.653 Thread 0x000002696fbe3000 2770       4       java.util.ArrayList::iterator (9 bytes)
Event: 1.653 Thread 0x000002696fd7c800 nmethod 2820 0x0000026959d0d810 code [0x0000026959d0da00, 0x0000026959d0e3d8]
Event: 1.653 Thread 0x000002696fbe3000 nmethod 2770 0x0000026959d0e710 code [0x0000026959d0e8a0, 0x0000026959d0e998]
Event: 1.655 Thread 0x000002696fff2800 nmethod 2850 0x0000026959d0ea90 code [0x0000026959d0ec20, 0x0000026959d0eed8]

GC Heap History (4 events):
Event: 0.509 GC heap before
{Heap before GC invocations=0 (full 0):
 garbage-first heap   total 258048K, used 24576K [0x0000000705e00000, 0x0000000800000000)
  region size 1024K, 24 young (24576K), 0 survivors (0K)
 Metaspace       used 13307K, capacity 13495K, committed 13696K, reserved 1060864K
  class space    used 1303K, capacity 1360K, committed 1408K, reserved 1048576K
}
Event: 0.512 GC heap after
{Heap after GC invocations=1 (full 0):
 garbage-first heap   total 258048K, used 3253K [0x0000000705e00000, 0x0000000800000000)
  region size 1024K, 3 young (3072K), 3 survivors (3072K)
 Metaspace       used 13307K, capacity 13495K, committed 13696K, reserved 1060864K
  class space    used 1303K, capacity 1360K, committed 1408K, reserved 1048576K
}
Event: 1.003 GC heap before
{Heap before GC invocations=1 (full 0):
 garbage-first heap   total 258048K, used 24757K [0x0000000705e00000, 0x0000000800000000)
  region size 1024K, 25 young (25600K), 3 survivors (3072K)
 Metaspace       used 20890K, capacity 21213K, committed 21296K, reserved 1069056K
  class space    used 2044K, capacity 2172K, committed 2176K, reserved 1048576K
}
Event: 1.008 GC heap after
{Heap after GC invocations=2 (full 0):
 garbage-first heap   total 258048K, used 6427K [0x0000000705e00000, 0x0000000800000000)
  region size 1024K, 7 young (7168K), 7 survivors (7168K)
 Metaspace       used 20890K, capacity 21213K, committed 21296K, reserved 1069056K
  class space    used 2044K, capacity 2172K, committed 2176K, reserved 1048576K
}

Deoptimization events (20 events):
Event: 1.399 Thread 0x0000026949962000 DEOPT PACKING pc=0x0000026959cdbcbc sp=0x0000008b7c6fcaf0
Event: 1.399 Thread 0x0000026949962000 DEOPT UNPACKING pc=0x00000269520da1af sp=0x0000008b7c6fca98 mode 2
Event: 1.399 Thread 0x0000026949962000 Uncommon trap: trap_request=0xffffffc6 fr.pc=0x0000026959cdbcbc relative=0x000000000000045c
Event: 1.399 Thread 0x0000026949962000 Uncommon trap: reason=bimorphic_or_optimized_type_check action=maybe_recompile pc=0x0000026959cdbcbc method=java.util.regex.Pattern$SliceI.match(Ljava/util/regex/Matcher;ILjava/lang/CharSequence;)Z @ 92 c2
Event: 1.399 Thread 0x0000026949962000 DEOPT PACKING pc=0x0000026959cdbcbc sp=0x0000008b7c6fc9d0
Event: 1.399 Thread 0x0000026949962000 DEOPT UNPACKING pc=0x00000269520da1af sp=0x0000008b7c6fc978 mode 2
Event: 1.399 Thread 0x0000026949962000 Uncommon trap: trap_request=0xffffffc6 fr.pc=0x0000026959cdbcbc relative=0x000000000000045c
Event: 1.399 Thread 0x0000026949962000 Uncommon trap: reason=bimorphic_or_optimized_type_check action=maybe_recompile pc=0x0000026959cdbcbc method=java.util.regex.Pattern$SliceI.match(Ljava/util/regex/Matcher;ILjava/lang/CharSequence;)Z @ 92 c2
Event: 1.399 Thread 0x0000026949962000 DEOPT PACKING pc=0x0000026959cdbcbc sp=0x0000008b7c6fc8b0
Event: 1.399 Thread 0x0000026949962000 DEOPT UNPACKING pc=0x00000269520da1af sp=0x0000008b7c6fc858 mode 2
Event: 1.418 Thread 0x0000026949962000 Uncommon trap: trap_request=0xffffff4d fr.pc=0x0000026959c8c138 relative=0x00000000000003d8
Event: 1.418 Thread 0x0000026949962000 Uncommon trap: reason=unstable_if action=reinterpret pc=0x0000026959c8c138 method=java.util.LinkedHashMap.get(Ljava/lang/Object;)Ljava/lang/Object; @ 20 c2
Event: 1.418 Thread 0x0000026949962000 DEOPT PACKING pc=0x0000026959c8c138 sp=0x0000008b7c6fb780
Event: 1.418 Thread 0x0000026949962000 DEOPT UNPACKING pc=0x00000269520da1af sp=0x0000008b7c6fb738 mode 2
Event: 1.559 Thread 0x0000026949962000 DEOPT PACKING pc=0x0000026952cea80e sp=0x0000008b7c6fd840
Event: 1.559 Thread 0x0000026949962000 DEOPT UNPACKING pc=0x00000269520da95e sp=0x0000008b7c6fcc70 mode 0
Event: 1.561 Thread 0x0000026949962000 DEOPT PACKING pc=0x0000026952cea80e sp=0x0000008b7c6fd8f0
Event: 1.561 Thread 0x0000026949962000 DEOPT UNPACKING pc=0x00000269520da95e sp=0x0000008b7c6fcd20 mode 0
Event: 1.601 Thread 0x000002696fd81000 DEOPT PACKING pc=0x0000026952cea7db sp=0x0000008b7ebfdd00
Event: 1.601 Thread 0x000002696fd81000 DEOPT UNPACKING pc=0x00000269520da95e sp=0x0000008b7ebfd130 mode 0

Classes redefined (0 events):
No events

Internal exceptions (20 events):
Event: 0.754 Thread 0x0000026949962000 Exception <a 'sun/nio/fs/WindowsException'{0x0000000714d20348}> (0x0000000714d20348) thrown at [./src/hotspot/share/prims/jni.cpp, line 616]
Event: 0.754 Thread 0x0000026949962000 Exception <a 'sun/nio/fs/WindowsException'{0x0000000714d20700}> (0x0000000714d20700) thrown at [./src/hotspot/share/prims/jni.cpp, line 616]
Event: 0.754 Thread 0x0000026949962000 Exception <a 'sun/nio/fs/WindowsException'{0x0000000714d20f80}> (0x0000000714d20f80) thrown at [./src/hotspot/share/prims/jni.cpp, line 616]
Event: 0.754 Thread 0x0000026949962000 Exception <a 'sun/nio/fs/WindowsException'{0x0000000714d216d0}> (0x0000000714d216d0) thrown at [./src/hotspot/share/prims/jni.cpp, line 616]
Event: 0.754 Thread 0x0000026949962000 Exception <a 'sun/nio/fs/WindowsException'{0x0000000714d21c40}> (0x0000000714d21c40) thrown at [./src/hotspot/share/prims/jni.cpp, line 616]
Event: 0.754 Thread 0x0000026949962000 Exception <a 'sun/nio/fs/WindowsException'{0x0000000714d223c8}> (0x0000000714d223c8) thrown at [./src/hotspot/share/prims/jni.cpp, line 616]
Event: 0.754 Thread 0x0000026949962000 Exception <a 'sun/nio/fs/WindowsException'{0x0000000714d22db0}> (0x0000000714d22db0) thrown at [./src/hotspot/share/prims/jni.cpp, line 616]
Event: 0.754 Thread 0x0000026949962000 Exception <a 'sun/nio/fs/WindowsException'{0x0000000714d23170}> (0x0000000714d23170) thrown at [./src/hotspot/share/prims/jni.cpp, line 616]
Event: 0.765 Thread 0x0000026949962000 Exception <a 'java/lang/NoSuchMethodError'{0x0000000714da9c78}: 'int java.lang.invoke.DirectMethodHandle$Holder.invokeSpecialIFC(java.lang.Object, java.lang.Object, int)'> (0x0000000714da9c78) thrown at [./src/hotspot/share/interpreter/linkResolver.cpp, line 773]
Event: 0.826 Thread 0x0000026949962000 Exception <a 'java/lang/NoSuchMethodError'{0x0000000714cc4260}: 'java.lang.Object java.lang.invoke.DirectMethodHandle$Holder.invokeStaticInit(java.lang.Object, int, int, int, int)'> (0x0000000714cc4260) thrown at [./src/hotspot/share/interpreter/linkResolver.cpp, line 773]
Event: 0.827 Thread 0x0000026949962000 Exception <a 'sun/nio/fs/WindowsException'{0x0000000714cca660}> (0x0000000714cca660) thrown at [./src/hotspot/share/prims/jni.cpp, line 616]
Event: 0.832 Thread 0x0000026949962000 Exception <a 'java/lang/NoSuchMethodError'{0x0000000714ce92d8}: 'int java.lang.invoke.DirectMethodHandle$Holder.invokeStaticInit(java.lang.Object, java.lang.Object, java.lang.Object, java.lang.Object)'> (0x0000000714ce92d8) thrown at [./src/hotspot/share/interpreter/linkResolver.cpp, line 773]
Event: 0.832 Thread 0x0000026949962000 Exception <a 'java/lang/IncompatibleClassChangeError'{0x0000000714cf2548}: Found class java.lang.Object, but interface was expected> (0x0000000714cf2548) thrown at [./src/hotspot/share/interpreter/linkResolver.cpp, line 839]
Event: 0.833 Thread 0x0000026949962000 Exception <a 'java/lang/NoSuchMethodError'{0x0000000714cf5398}: 'void java.lang.invoke.DirectMethodHandle$Holder.invokeStaticInit(java.lang.Object, java.lang.Object)'> (0x0000000714cf5398) thrown at [./src/hotspot/share/interpreter/linkResolver.cpp, line 773]
Event: 0.833 Thread 0x0000026949962000 Exception <a 'java/lang/NoSuchMethodError'{0x0000000714cfa868}: 'int java.lang.invoke.DirectMethodHandle$Holder.invokeStaticInit(java.lang.Object, java.lang.Object)'> (0x0000000714cfa868) thrown at [./src/hotspot/share/interpreter/linkResolver.cpp, line 773]
Event: 0.994 Thread 0x0000026949962000 Exception <a 'java/lang/NoSuchMethodError'{0x000000071444c2f0}: 'java.lang.Object java.lang.invoke.DirectMethodHandle$Holder.invokeStaticInit(java.lang.Object, java.lang.Object, int, int, int, int)'> (0x000000071444c2f0) thrown at [./src/hotspot/share/interpreter/linkResolver.cpp, line 773]
Event: 1.589 Thread 0x0000026949962000 Exception <a 'sun/nio/fs/WindowsException'{0x000000071519a378}> (0x000000071519a378) thrown at [./src/hotspot/share/prims/jni.cpp, line 616]
Event: 1.590 Thread 0x0000026949962000 Exception <a 'java/lang/NoSuchMethodError'{0x000000071519b0b0}: 'int java.lang.invoke.DirectMethodHandle$Holder.invokeInterface(java.lang.Object, java.lang.Object)'> (0x000000071519b0b0) thrown at [./src/hotspot/share/interpreter/linkResolver.cpp, line 773]
Event: 1.592 Thread 0x0000026949962000 Exception <a 'java/lang/NoSuchMethodError'{0x00000007151a46b0}: 'void java.lang.invoke.DirectMethodHandle$Holder.invokeStatic(java.lang.Object, int, java.lang.Object)'> (0x00000007151a46b0) thrown at [./src/hotspot/share/interpreter/linkResolver.cpp, line 773]
Event: 1.595 Thread 0x0000026949962000 Exception <a 'java/lang/NoSuchMethodError'{0x00000007151b6268}: 'java.lang.Object java.lang.invoke.Invokers$Holder.linkToTargetMethod(java.lang.Object, java.lang.Object, java.lang.Object, java.lang.Object, java.lang.Object, java.lang.Object)'> (0x00000007151b6268) thrown at [./src/hotspot/share/interpreter/linkResolver.cpp, line 773]

Events (20 events):
Event: 1.614 Executing VM operation: RevokeBias done
Event: 1.614 Executing VM operation: RevokeBias
Event: 1.614 Executing VM operation: RevokeBias done
Event: 1.614 Executing VM operation: RevokeBias
Event: 1.614 Executing VM operation: RevokeBias done
Event: 1.614 Thread 0x000002696fd76000 Thread added: 0x000002696fd76000
Event: 1.615 loading class sun/security/ssl/PreSharedKeyExtension$CHPreSharedKeySpec
Event: 1.615 loading class sun/security/ssl/PreSharedKeyExtension$CHPreSharedKeySpec done
Event: 1.615 loading class sun/security/ssl/PreSharedKeyExtension$PartialClientHelloMessage
Event: 1.615 loading class sun/security/ssl/PreSharedKeyExtension$PartialClientHelloMessage done
Event: 1.615 loading class sun/security/ssl/SSLEngineOutputRecord
Event: 1.616 loading class sun/security/ssl/SSLEngineOutputRecord done
Event: 1.616 Thread 0x000002696fd76800 Thread added: 0x000002696fd76800
Event: 1.616 loading class sun/security/ssl/SSLEngineOutputRecord$HandshakeFragment
Event: 1.616 loading class sun/security/ssl/SSLEngineOutputRecord$HandshakeFragment done
Event: 1.616 loading class sun/security/ssl/SSLEngineOutputRecord$HandshakeMemo
Event: 1.617 loading class sun/security/ssl/SSLEngineOutputRecord$RecordMemo
Event: 1.617 loading class sun/security/ssl/SSLEngineOutputRecord$RecordMemo done
Event: 1.617 loading class sun/security/ssl/SSLEngineOutputRecord$HandshakeMemo done
Event: 1.623 Thread 0x000002696fd7c800 Thread added: 0x000002696fd7c800


Dynamic libraries:
0x00007ff68a670000 - 0x00007ff68a67d000 	E:\INSTALLED softwares\2022.3.16f1\Editor\Data\PlaybackEngines\AndroidPlayer\OpenJDK\bin\java.exe
0x00007fffb5310000 - 0x00007fffb5526000 	C:\WINDOWS\SYSTEM32\ntdll.dll
0x00007fffb36e0000 - 0x00007fffb37a4000 	C:\WINDOWS\System32\KERNEL32.DLL
0x00007fffb2c80000 - 0x00007fffb3026000 	C:\WINDOWS\System32\KERNELBASE.dll
0x00007fffb2810000 - 0x00007fffb2921000 	C:\WINDOWS\System32\ucrtbase.dll
0x00007fff402c0000 - 0x00007fff402d7000 	E:\INSTALLED softwares\2022.3.16f1\Editor\Data\PlaybackEngines\AndroidPlayer\OpenJDK\bin\jli.dll
0x00007fff402a0000 - 0x00007fff402b5000 	E:\INSTALLED softwares\2022.3.16f1\Editor\Data\PlaybackEngines\AndroidPlayer\OpenJDK\bin\VCRUNTIME140.dll
0x00007fffb3060000 - 0x00007fffb320d000 	C:\WINDOWS\System32\USER32.dll
0x00007fffb3030000 - 0x00007fffb3056000 	C:\WINDOWS\System32\win32u.dll
0x00007fff9d4f0000 - 0x00007fff9d783000 	C:\WINDOWS\WinSxS\amd64_microsoft.windows.common-controls_6595b64144ccf1df_6.0.22621.3235_none_270f74e173860f98\COMCTL32.dll
0x00007fffb3f00000 - 0x00007fffb3f29000 	C:\WINDOWS\System32\GDI32.dll
0x00007fffb3ae0000 - 0x00007fffb3b87000 	C:\WINDOWS\System32\msvcrt.dll
0x00007fffb26f0000 - 0x00007fffb2808000 	C:\WINDOWS\System32\gdi32full.dll
0x00007fffb2650000 - 0x00007fffb26ea000 	C:\WINDOWS\System32\msvcp_win.dll
0x00007fffb4970000 - 0x00007fffb49a1000 	C:\WINDOWS\System32\IMM32.DLL
0x00007fff3a370000 - 0x00007fff3a40b000 	E:\INSTALLED softwares\2022.3.16f1\Editor\Data\PlaybackEngines\AndroidPlayer\OpenJDK\bin\msvcp140.dll
0x00007ffe9c4e0000 - 0x00007ffe9d061000 	E:\INSTALLED softwares\2022.3.16f1\Editor\Data\PlaybackEngines\AndroidPlayer\OpenJDK\bin\server\jvm.dll
0x00007fffb5070000 - 0x00007fffb5122000 	C:\WINDOWS\System32\ADVAPI32.dll
0x00007fffb3840000 - 0x00007fffb38e8000 	C:\WINDOWS\System32\sechost.dll
0x00007fffb2ae0000 - 0x00007fffb2b08000 	C:\WINDOWS\System32\bcrypt.dll
0x00007fffb3de0000 - 0x00007fffb3ef5000 	C:\WINDOWS\System32\RPCRT4.dll
0x00007fffb3830000 - 0x00007fffb3838000 	C:\WINDOWS\System32\PSAPI.DLL
0x00007fffaab70000 - 0x00007fffaaba4000 	C:\WINDOWS\SYSTEM32\WINMM.dll
0x00007fffac570000 - 0x00007fffac579000 	C:\WINDOWS\SYSTEM32\WSOCK32.dll
0x00007fffa9a20000 - 0x00007fffa9a2a000 	C:\WINDOWS\SYSTEM32\VERSION.dll
0x00007fffb39b0000 - 0x00007fffb3a21000 	C:\WINDOWS\System32\WS2_32.dll
0x00007fffb1780000 - 0x00007fffb1798000 	C:\WINDOWS\SYSTEM32\kernel.appcore.dll
0x00007fff9fb50000 - 0x00007fff9fb60000 	E:\INSTALLED softwares\2022.3.16f1\Editor\Data\PlaybackEngines\AndroidPlayer\OpenJDK\bin\verify.dll
0x00007fffaff10000 - 0x00007fffb0143000 	C:\WINDOWS\SYSTEM32\DBGHELP.DLL
0x00007fffb4be0000 - 0x00007fffb4f68000 	C:\WINDOWS\System32\combase.dll
0x00007fffb3f30000 - 0x00007fffb4007000 	C:\WINDOWS\System32\OLEAUT32.dll
0x00007fff9cf70000 - 0x00007fff9cfa2000 	C:\WINDOWS\SYSTEM32\dbgcore.DLL
0x00007fffb2a60000 - 0x00007fffb2ada000 	C:\WINDOWS\System32\bcryptPrimitives.dll
0x00007fff40270000 - 0x00007fff40298000 	E:\INSTALLED softwares\2022.3.16f1\Editor\Data\PlaybackEngines\AndroidPlayer\OpenJDK\bin\java.dll
0x00007fff7c170000 - 0x00007fff7c17a000 	E:\INSTALLED softwares\2022.3.16f1\Editor\Data\PlaybackEngines\AndroidPlayer\OpenJDK\bin\jimage.dll
0x00007fff40250000 - 0x00007fff40268000 	E:\INSTALLED softwares\2022.3.16f1\Editor\Data\PlaybackEngines\AndroidPlayer\OpenJDK\bin\zip.dll
0x00007fffb4010000 - 0x00007fffb486d000 	C:\WINDOWS\System32\SHELL32.dll
0x00007fffb05c0000 - 0x00007fffb0eb8000 	C:\WINDOWS\SYSTEM32\windows.storage.dll
0x00007fffb0480000 - 0x00007fffb05be000 	C:\WINDOWS\SYSTEM32\wintypes.dll
0x00007fffb4f70000 - 0x00007fffb5063000 	C:\WINDOWS\System32\SHCORE.dll
0x00007fffb3950000 - 0x00007fffb39ae000 	C:\WINDOWS\System32\shlwapi.dll
0x00007fffb2580000 - 0x00007fffb25a6000 	C:\WINDOWS\SYSTEM32\profapi.dll
0x00007fff3fe00000 - 0x00007fff3fe19000 	E:\INSTALLED softwares\2022.3.16f1\Editor\Data\PlaybackEngines\AndroidPlayer\OpenJDK\bin\net.dll
0x00007fffac630000 - 0x00007fffac767000 	C:\WINDOWS\SYSTEM32\WINHTTP.dll
0x00007fffb1c00000 - 0x00007fffb1c69000 	C:\WINDOWS\system32\mswsock.dll
0x00007fff3a570000 - 0x00007fff3a583000 	E:\INSTALLED softwares\2022.3.16f1\Editor\Data\PlaybackEngines\AndroidPlayer\OpenJDK\bin\nio.dll
0x00007fff7a100000 - 0x00007fff7a10e000 	E:\INSTALLED softwares\2022.3.16f1\Editor\Data\PlaybackEngines\AndroidPlayer\OpenJDK\bin\sunmscapi.dll
0x00007fffb2b10000 - 0x00007fffb2c76000 	C:\WINDOWS\System32\CRYPT32.dll
0x00007fffb1ff0000 - 0x00007fffb201e000 	C:\WINDOWS\SYSTEM32\ncrypt.dll
0x00007fffb1fb0000 - 0x00007fffb1fe7000 	C:\WINDOWS\SYSTEM32\NTASN1.dll
0x00007fff3a340000 - 0x00007fff3a365000 	E:\INSTALLED softwares\2022.3.16f1\Editor\Data\PlaybackEngines\AndroidPlayer\OpenJDK\bin\sunec.dll
0x00007fffb1e60000 - 0x00007fffb1e7b000 	C:\WINDOWS\SYSTEM32\CRYPTSP.dll
0x00007fffb16e0000 - 0x00007fffb1715000 	C:\WINDOWS\system32\rsaenh.dll
0x00007fffb1cf0000 - 0x00007fffb1d1c000 	C:\WINDOWS\SYSTEM32\USERENV.dll
0x00007fffb1e50000 - 0x00007fffb1e5c000 	C:\WINDOWS\SYSTEM32\CRYPTBASE.dll
0x00007fffb11d0000 - 0x00007fffb11fd000 	C:\WINDOWS\SYSTEM32\IPHLPAPI.DLL
0x00007fffb3d50000 - 0x00007fffb3d59000 	C:\WINDOWS\System32\NSI.dll
0x00007fffac2c0000 - 0x00007fffac2d9000 	C:\WINDOWS\SYSTEM32\dhcpcsvc6.DLL
0x00007fffabff0000 - 0x00007fffac00f000 	C:\WINDOWS\SYSTEM32\dhcpcsvc.DLL
0x00007fffb1200000 - 0x00007fffb12f9000 	C:\WINDOWS\SYSTEM32\DNSAPI.dll
0x00007fffaaa30000 - 0x00007fffaaa3a000 	C:\Windows\System32\rasadhlp.dll
0x00007fffaade0000 - 0x00007fffaae63000 	C:\WINDOWS\System32\fwpuclnt.dll

dbghelp: loaded successfully - version: 4.0.5 - missing functions: none
symbol engine: initialized successfully - sym options: 0x614 - pdb path: .;E:\INSTALLED softwares\2022.3.16f1\Editor\Data\PlaybackEngines\AndroidPlayer\OpenJDK\bin;C:\WINDOWS\SYSTEM32;C:\WINDOWS\WinSxS\amd64_microsoft.windows.common-controls_6595b64144ccf1df_6.0.22621.3235_none_270f74e173860f98;E:\INSTALLED softwares\2022.3.16f1\Editor\Data\PlaybackEngines\AndroidPlayer\OpenJDK\bin\server

VM Arguments:
jvm_args: -Dfile.encoding=UTF-8 -Dcom.android.sdklib.toolsdir=E:\INSTALLED softwares\2022.3.16f1\Editor\Data\PlaybackEngines\AndroidPlayer\SDK\cmdline-tools\6.0\bin\\.. 
java_command: com.android.sdklib.tool.sdkmanager.SdkManagerCli --list
java_class_path (initial): E:\INSTALLED softwares\2022.3.16f1\Editor\Data\PlaybackEngines\AndroidPlayer\SDK\cmdline-tools\6.0\bin\..\lib\sdkmanager-classpath.jar
Launcher Type: SUN_STANDARD

[Global flags]
     intx CICompilerCount                          = 12                                        {product} {ergonomic}
     uint ConcGCThreads                            = 3                                         {product} {ergonomic}
     uint G1ConcRefinementThreads                  = 13                                        {product} {ergonomic}
   size_t G1HeapRegionSize                         = 1048576                                   {product} {ergonomic}
    uintx GCDrainStackTargetSize                   = 64                                        {product} {ergonomic}
   size_t InitialHeapSize                          = 264241152                                 {product} {ergonomic}
   size_t MarkStackSize                            = 4194304                                   {product} {ergonomic}
   size_t MaxHeapSize                              = 4196401152                                {product} {ergonomic}
   size_t MaxNewSize                               = 2517630976                                {product} {ergonomic}
   size_t MinHeapDeltaBytes                        = 1048576                                   {product} {ergonomic}
    uintx NonNMethodCodeHeapSize                   = 7594288                                {pd product} {ergonomic}
    uintx NonProfiledCodeHeapSize                  = 122031976                              {pd product} {ergonomic}
    uintx ProfiledCodeHeapSize                     = 122031976                              {pd product} {ergonomic}
    uintx ReservedCodeCacheSize                    = 251658240                              {pd product} {ergonomic}
     bool SegmentedCodeCache                       = true                                      {product} {ergonomic}
     bool UseCompressedClassPointers               = true                                 {lp64_product} {ergonomic}
     bool UseCompressedOops                        = true                                 {lp64_product} {ergonomic}
     bool UseG1GC                                  = true                                      {product} {ergonomic}
     bool UseLargePagesIndividualAllocation        = false                                  {pd product} {ergonomic}

Logging:
Log output configuration:
 #0: stdout all=warning uptime,level,tags
 #1: stderr all=off uptime,level,tags

Environment Variables:
JAVA_HOME=E:\INSTALLED softwares\2022.3.16f1\Editor\Data\PlaybackEngines\AndroidPlayer\OpenJDK
JAVA_TOOL_OPTIONS=-Dfile.encoding=UTF-8
CLASSPATH=E:\INSTALLED softwares\2022.3.16f1\Editor\Data\PlaybackEngines\AndroidPlayer\SDK\cmdline-tools\6.0\bin\..\lib\sdkmanager-classpath.jar
PATH=C:\Windows\system32;C:\Windows;C:\Windows\System32\Wbem;C:\Windows\System32\WindowsPowerShell\v1.0\;C:\Windows\System32\OpenSSH\;C:\Program Files (x86)\NVIDIA Corporation\PhysX\Common;C:\Program Files\NVIDIA Corporation\NVIDIA NvDLISR;C:\WINDOWS\system32;C:\WINDOWS;C:\WINDOWS\System32\Wbem;C:\WINDOWS\System32\WindowsPowerShell\v1.0\;C:\WINDOWS\System32\OpenSSH\;C:\Program Files\MySQL\MySQL Shell 8.0\bin\;C:\Users\piyus\AppData\Local\Microsoft\WindowsApps;
USERNAME=piyus
OS=Windows_NT
PROCESSOR_IDENTIFIER=Intel64 Family 6 Model 154 Stepping 3, GenuineIntel



---------------  S Y S T E M  ---------------

OS: Windows 11 , 64 bit Build 22621 (10.0.22621.3235)
OS uptime: 6 days 1:36 hours

CPU:total 16 (initial active 16) (8 cores per cpu, 2 threads per core) family 6 model 154 stepping 3 microcode 0x423, cmov, cx8, fxsr, mmx, sse, sse2, sse3, ssse3, sse4.1, sse4.2, popcnt, avx, avx2, aes, clmul, erms, 3dnowpref, lzcnt, ht, tsc, tscinvbit, bmi1, bmi2, adx, sha, fma

Memory: 4k page, system-wide physical 16004M (2127M free)
TotalPageFile size 20691M (AvailPageFile size 5M)
current process WorkingSet (physical memory assigned to process): 169M, peak: 169M
current process commit charge ("private bytes"): 440M, peak: 442M

vm_info: OpenJDK 64-Bit Server VM (11.0.14.1+1) for windows-amd64 JRE (11.0.14.1+1), built on Feb  9 2022 01:48:27 by "" with unknown MS VC++:1916

END.
